{"uid":"9b522318a9961ced","name":"Complete Tax Registration Flow","fullName":"Homework2.Tests:Homework2.Tests.TaxRegistrationTest.CompleteTaxRegistrationFlow()","historyId":"6d60dd1f493846cf4c6e1a98ccaa642f","time":{"start":1749835406669,"stop":1749835420665,"duration":13996},"description":"This test verifies the complete tax registration flow from login to final subscription setup","descriptionHtml":"<p>This test verifies the complete tax registration flow from login to final subscription setup</p>\n","status":"broken","statusMessage":"System.IO.DirectoryNotFoundException : Could not find a part of the path '/__w/homework-2/homework-2/Homework2.Tests/bin/Debug/net8.0/Exception: PlaywrightException\nMessage: Page URL expected to be 'https:/app.taxually.com/app/registration/select-services/about-your-business'\nBut was: 'https:/app.taxually.com/verify?returnUrl=%2Fsignup' \nCall log:\n  - PageAssertions.ToHaveURLAsync with timeout 5000ms\n  - waiting for Locator(\":root\")\n  -   locator resolved to <html lang=\"en\" data-critters-container=\"\">…</html>\n  -   unexpected value \"https:/app.taxually.com/verify?returnUrl=%2Fsignup\"\n  -   locator resolved to <html lang=\"en\" data-critters-container=\"\">…</html>\n  -   unexpected value \"https:/app.taxually.com/verify?returnUrl=%2Fsignup\"\n  -   locator resolved to <html lang=\"en\" data-critters-container=\"\">…</html>\n  -   unexpected value \"https:/app.taxually.com/verify?returnUrl=%2Fsignup\"\n  -   locator resolved to <html lang=\"en\" data-critters-container=\"\">…</html>\n  -   unexpected value \"https:/app.taxually.com/verify?returnUrl=%2Fsignup\"\n  -   locator resolved to <html lang=\"en\" data-critters-container=\"\">…</html>\n  -   unexpected value \"https:/app.taxually.com/verify?returnUrl=%2Fsignup\"\n  -   locator resolved to <html lang=\"en\" data-critters-container=\"\">…</html>\n  -   unexpected value \"https:/app.taxually.com/verify?returnUrl=%2Fsignup\"\n  -   locator resolved to <html lang=\"en\" data-critters-container=\"\">…</html>\n  -   unexpected value \"https:/app.taxually.com/verify?returnUrl=%2Fsignup\"\nStackTrace:    at Microsoft.Playwright.Core.AssertionsBase.ExpectImplAsync(String expression, FrameExpectOptions expectOptions, Object expected, String message) in /_/src/Playwright/Core/AssertionsBase.cs:line 86\n   at Microsoft.Playwright.Core.AssertionsBase.ExpectImplAsync(String expression, ExpectedTextValue[] expectedText, Object expected, String message, FrameExpectOptions options) in /_/src/Playwright/Core/AssertionsBase.cs:line 64\n   at Microsoft.Playwright.Core.AssertionsBase.ExpectImplAsync(String expression, ExpectedTextValue textValue, Object expected, String message, FrameExpectOptions options) in /_/src/Playwright/Core/AssertionsBase.cs:line 56\n   at Homework2.Tests.Pages.PageBase.VerifyPageUrlAsync() in /__w/homework-2/homework-2/Homework2.Tests/src/Pages/PageBase.cs:line 12\n   at Homework2.Tests.TaxRegistrationTest.<NavigateToBusinessRegsitration>b__3_0() in /__w/homework-2/homework-2/Homework2.Tests/src/TaxRegistrationTest.cs:line 79\n   at Allure.Net.Commons.AllureApi.<>c__DisplayClass36_0.<<Step>b__0>d.MoveNext()\n--- End of stack trace from previous location ---\n   at Allure.Net.Commons.AllureApi.ExecuteActionAsync[T](Action start, Func`1 action, Action`1 resolve)\n   at Allure.Net.Commons.AllureApi.ExecuteStepAsync[T](String name, Func`1 action)\n   at Allure.Net.Commons.AllureApi.Step(String name, Func`1 action)\n   at Homework2.Tests.TaxRegistrationTest.NavigateToBusinessRegsitration() in /__w/homework-2/homework-2/Homework2.Tests/src/TaxRegistrationTest.cs:line 76\n   at Homework2.Tests.TaxRegistrationTest.<CompleteTaxRegistrationFlow>b__0_0() in /__w/homework-2/homework-2/Homework2.Tests/src/TaxRegistrationTest.cs:line 24\n   at Homework2.Tests.TestBase.ExecuteTestWithTracing(Func`1 testAction) in /__w/homework-2/homework-2/Homework2.Tests/src/TestBase.cs:line 75'.","statusTrace":"   at Interop.ThrowExceptionForIoErrno(ErrorInfo errorInfo, String path, Boolean isDirError)\n   at Microsoft.Win32.SafeHandles.SafeFileHandle.Open(String path, OpenFlags flags, Int32 mode, Boolean failForSymlink, Boolean& wasSymlink, Func`4 createOpenException)\n   at Microsoft.Win32.SafeHandles.SafeFileHandle.Open(String fullPath, FileMode mode, FileAccess access, FileShare share, FileOptions options, Int64 preallocationSize, UnixFileMode openPermissions, Int64& fileLength, UnixFileMode& filePermissions, Boolean failForSymlink, Boolean& wasSymlink, Func`4 createOpenException)\n   at System.IO.File.OpenHandle(String path, FileMode mode, FileAccess access, FileShare share, FileOptions options, Int64 preallocationSize)\n   at System.IO.File.ReadAllBytes(String path)\n   at Allure.Net.Commons.AllureApi.AddAttachment(String name, String type, String path)\n   at Homework2.Tests.TestBase.ExecuteTestWithTracing(Func`1 testAction) in /__w/homework-2/homework-2/Homework2.Tests/src/TestBase.cs:line 79\n   at Homework2.Tests.TaxRegistrationTest.CompleteTaxRegistrationFlow() in /__w/homework-2/homework-2/Homework2.Tests/src/TaxRegistrationTest.cs:line 21\n   at NUnit.Framework.Internal.TaskAwaitAdapter.GenericAdapter`1.BlockUntilCompleted()\n   at NUnit.Framework.Internal.MessagePumpStrategy.NoMessagePumpStrategy.WaitForCompletion(AwaitAdapter awaiter)\n   at NUnit.Framework.Internal.AsyncToSyncAdapter.Await[TResult](Func`1 invoke)\n   at NUnit.Framework.Internal.AsyncToSyncAdapter.Await(Func`1 invoke)\n   at NUnit.Framework.Internal.Commands.TestMethodCommand.RunTestMethod(TestExecutionContext context)\n   at NUnit.Framework.Internal.Commands.TestMethodCommand.Execute(TestExecutionContext context)\n   at NUnit.Framework.Internal.Commands.BeforeAndAfterTestCommand.<>c__DisplayClass1_0.<Execute>b__0()\n   at NUnit.Framework.Internal.Commands.DelegatingTestCommand.RunTestMethodInThreadAbortSafeZone(TestExecutionContext context, Action action)","flaky":false,"newFailed":false,"newBroken":false,"newPassed":false,"retriesCount":0,"retriesStatusChange":false,"beforeStages":[],"testStage":{"description":"This test verifies the complete tax registration flow from login to final subscription setup","status":"broken","statusMessage":"System.IO.DirectoryNotFoundException : Could not find a part of the path '/__w/homework-2/homework-2/Homework2.Tests/bin/Debug/net8.0/Exception: PlaywrightException\nMessage: Page URL expected to be 'https:/app.taxually.com/app/registration/select-services/about-your-business'\nBut was: 'https:/app.taxually.com/verify?returnUrl=%2Fsignup' \nCall log:\n  - PageAssertions.ToHaveURLAsync with timeout 5000ms\n  - waiting for Locator(\":root\")\n  -   locator resolved to <html lang=\"en\" data-critters-container=\"\">…</html>\n  -   unexpected value \"https:/app.taxually.com/verify?returnUrl=%2Fsignup\"\n  -   locator resolved to <html lang=\"en\" data-critters-container=\"\">…</html>\n  -   unexpected value \"https:/app.taxually.com/verify?returnUrl=%2Fsignup\"\n  -   locator resolved to <html lang=\"en\" data-critters-container=\"\">…</html>\n  -   unexpected value \"https:/app.taxually.com/verify?returnUrl=%2Fsignup\"\n  -   locator resolved to <html lang=\"en\" data-critters-container=\"\">…</html>\n  -   unexpected value \"https:/app.taxually.com/verify?returnUrl=%2Fsignup\"\n  -   locator resolved to <html lang=\"en\" data-critters-container=\"\">…</html>\n  -   unexpected value \"https:/app.taxually.com/verify?returnUrl=%2Fsignup\"\n  -   locator resolved to <html lang=\"en\" data-critters-container=\"\">…</html>\n  -   unexpected value \"https:/app.taxually.com/verify?returnUrl=%2Fsignup\"\n  -   locator resolved to <html lang=\"en\" data-critters-container=\"\">…</html>\n  -   unexpected value \"https:/app.taxually.com/verify?returnUrl=%2Fsignup\"\nStackTrace:    at Microsoft.Playwright.Core.AssertionsBase.ExpectImplAsync(String expression, FrameExpectOptions expectOptions, Object expected, String message) in /_/src/Playwright/Core/AssertionsBase.cs:line 86\n   at Microsoft.Playwright.Core.AssertionsBase.ExpectImplAsync(String expression, ExpectedTextValue[] expectedText, Object expected, String message, FrameExpectOptions options) in /_/src/Playwright/Core/AssertionsBase.cs:line 64\n   at Microsoft.Playwright.Core.AssertionsBase.ExpectImplAsync(String expression, ExpectedTextValue textValue, Object expected, String message, FrameExpectOptions options) in /_/src/Playwright/Core/AssertionsBase.cs:line 56\n   at Homework2.Tests.Pages.PageBase.VerifyPageUrlAsync() in /__w/homework-2/homework-2/Homework2.Tests/src/Pages/PageBase.cs:line 12\n   at Homework2.Tests.TaxRegistrationTest.<NavigateToBusinessRegsitration>b__3_0() in /__w/homework-2/homework-2/Homework2.Tests/src/TaxRegistrationTest.cs:line 79\n   at Allure.Net.Commons.AllureApi.<>c__DisplayClass36_0.<<Step>b__0>d.MoveNext()\n--- End of stack trace from previous location ---\n   at Allure.Net.Commons.AllureApi.ExecuteActionAsync[T](Action start, Func`1 action, Action`1 resolve)\n   at Allure.Net.Commons.AllureApi.ExecuteStepAsync[T](String name, Func`1 action)\n   at Allure.Net.Commons.AllureApi.Step(String name, Func`1 action)\n   at Homework2.Tests.TaxRegistrationTest.NavigateToBusinessRegsitration() in /__w/homework-2/homework-2/Homework2.Tests/src/TaxRegistrationTest.cs:line 76\n   at Homework2.Tests.TaxRegistrationTest.<CompleteTaxRegistrationFlow>b__0_0() in /__w/homework-2/homework-2/Homework2.Tests/src/TaxRegistrationTest.cs:line 24\n   at Homework2.Tests.TestBase.ExecuteTestWithTracing(Func`1 testAction) in /__w/homework-2/homework-2/Homework2.Tests/src/TestBase.cs:line 75'.","statusTrace":"   at Interop.ThrowExceptionForIoErrno(ErrorInfo errorInfo, String path, Boolean isDirError)\n   at Microsoft.Win32.SafeHandles.SafeFileHandle.Open(String path, OpenFlags flags, Int32 mode, Boolean failForSymlink, Boolean& wasSymlink, Func`4 createOpenException)\n   at Microsoft.Win32.SafeHandles.SafeFileHandle.Open(String fullPath, FileMode mode, FileAccess access, FileShare share, FileOptions options, Int64 preallocationSize, UnixFileMode openPermissions, Int64& fileLength, UnixFileMode& filePermissions, Boolean failForSymlink, Boolean& wasSymlink, Func`4 createOpenException)\n   at System.IO.File.OpenHandle(String path, FileMode mode, FileAccess access, FileShare share, FileOptions options, Int64 preallocationSize)\n   at System.IO.File.ReadAllBytes(String path)\n   at Allure.Net.Commons.AllureApi.AddAttachment(String name, String type, String path)\n   at Homework2.Tests.TestBase.ExecuteTestWithTracing(Func`1 testAction) in /__w/homework-2/homework-2/Homework2.Tests/src/TestBase.cs:line 79\n   at Homework2.Tests.TaxRegistrationTest.CompleteTaxRegistrationFlow() in /__w/homework-2/homework-2/Homework2.Tests/src/TaxRegistrationTest.cs:line 21\n   at NUnit.Framework.Internal.TaskAwaitAdapter.GenericAdapter`1.BlockUntilCompleted()\n   at NUnit.Framework.Internal.MessagePumpStrategy.NoMessagePumpStrategy.WaitForCompletion(AwaitAdapter awaiter)\n   at NUnit.Framework.Internal.AsyncToSyncAdapter.Await[TResult](Func`1 invoke)\n   at NUnit.Framework.Internal.AsyncToSyncAdapter.Await(Func`1 invoke)\n   at NUnit.Framework.Internal.Commands.TestMethodCommand.RunTestMethod(TestExecutionContext context)\n   at NUnit.Framework.Internal.Commands.TestMethodCommand.Execute(TestExecutionContext context)\n   at NUnit.Framework.Internal.Commands.BeforeAndAfterTestCommand.<>c__DisplayClass1_0.<Execute>b__0()\n   at NUnit.Framework.Internal.Commands.DelegatingTestCommand.RunTestMethodInThreadAbortSafeZone(TestExecutionContext context, Action action)","steps":[{"name":"Navigate to login page and authenticate","time":{"start":1749835407260,"stop":1749835414108,"duration":6848},"status":"passed","steps":[],"attachments":[],"parameters":[],"shouldDisplayMessage":false,"stepsCount":0,"attachmentsCount":0,"hasContent":false,"attachmentStep":false},{"name":"Navigate to business registration page","time":{"start":1749835414109,"stop":1749835420314,"duration":6205},"status":"broken","statusMessage":"Page URL expected to be 'https://app.taxually.com/app/registration/select-services/about-your-business'\nBut was: 'https://app.taxually.com/verify?returnUrl=%2Fsignup' \nCall log:\n  - PageAssertions.ToHaveURLAsync with timeout 5000ms\n  - waiting for Locator(\":root\")\n  -   locator resolved to <html lang=\"en\" data-critters-container=\"\">…</html>\n  -   unexpected value \"https://app.taxually.com/verify?returnUrl=%2Fsignup\"\n  -   locator resolved to <html lang=\"en\" data-critters-container=\"\">…</html>\n  -   unexpected value \"https://app.taxually.com/verify?returnUrl=%2Fsignup\"\n  -   locator resolved to <html lang=\"en\" data-critters-container=\"\">…</html>\n  -   unexpected value \"https://app.taxually.com/verify?returnUrl=%2Fsignup\"\n  -   locator resolved to <html lang=\"en\" data-critters-container=\"\">…</html>\n  -   unexpected value \"https://app.taxually.com/verify?returnUrl=%2Fsignup\"\n  -   locator resolved to <html lang=\"en\" data-critters-container=\"\">…</html>\n  -   unexpected value \"https://app.taxually.com/verify?returnUrl=%2Fsignup\"\n  -   locator resolved to <html lang=\"en\" data-critters-container=\"\">…</html>\n  -   unexpected value \"https://app.taxually.com/verify?returnUrl=%2Fsignup\"\n  -   locator resolved to <html lang=\"en\" data-critters-container=\"\">…</html>\n  -   unexpected value \"https://app.taxually.com/verify?returnUrl=%2Fsignup\"","statusTrace":"Microsoft.Playwright.PlaywrightException: Page URL expected to be 'https://app.taxually.com/app/registration/select-services/about-your-business'\nBut was: 'https://app.taxually.com/verify?returnUrl=%2Fsignup' \nCall log:\n  - PageAssertions.ToHaveURLAsync with timeout 5000ms\n  - waiting for Locator(\":root\")\n  -   locator resolved to <html lang=\"en\" data-critters-container=\"\">…</html>\n  -   unexpected value \"https://app.taxually.com/verify?returnUrl=%2Fsignup\"\n  -   locator resolved to <html lang=\"en\" data-critters-container=\"\">…</html>\n  -   unexpected value \"https://app.taxually.com/verify?returnUrl=%2Fsignup\"\n  -   locator resolved to <html lang=\"en\" data-critters-container=\"\">…</html>\n  -   unexpected value \"https://app.taxually.com/verify?returnUrl=%2Fsignup\"\n  -   locator resolved to <html lang=\"en\" data-critters-container=\"\">…</html>\n  -   unexpected value \"https://app.taxually.com/verify?returnUrl=%2Fsignup\"\n  -   locator resolved to <html lang=\"en\" data-critters-container=\"\">…</html>\n  -   unexpected value \"https://app.taxually.com/verify?returnUrl=%2Fsignup\"\n  -   locator resolved to <html lang=\"en\" data-critters-container=\"\">…</html>\n  -   unexpected value \"https://app.taxually.com/verify?returnUrl=%2Fsignup\"\n  -   locator resolved to <html lang=\"en\" data-critters-container=\"\">…</html>\n  -   unexpected value \"https://app.taxually.com/verify?returnUrl=%2Fsignup\"\n   at Microsoft.Playwright.Core.AssertionsBase.ExpectImplAsync(String expression, FrameExpectOptions expectOptions, Object expected, String message) in /_/src/Playwright/Core/AssertionsBase.cs:line 86\n   at Microsoft.Playwright.Core.AssertionsBase.ExpectImplAsync(String expression, ExpectedTextValue[] expectedText, Object expected, String message, FrameExpectOptions options) in /_/src/Playwright/Core/AssertionsBase.cs:line 64\n   at Microsoft.Playwright.Core.AssertionsBase.ExpectImplAsync(String expression, ExpectedTextValue textValue, Object expected, String message, FrameExpectOptions options) in /_/src/Playwright/Core/AssertionsBase.cs:line 56\n   at Homework2.Tests.Pages.PageBase.VerifyPageUrlAsync() in /__w/homework-2/homework-2/Homework2.Tests/src/Pages/PageBase.cs:line 12\n   at Homework2.Tests.TaxRegistrationTest.<NavigateToBusinessRegsitration>b__3_0() in /__w/homework-2/homework-2/Homework2.Tests/src/TaxRegistrationTest.cs:line 79\n   at Allure.Net.Commons.AllureApi.<>c__DisplayClass36_0.<<Step>b__0>d.MoveNext()\n--- End of stack trace from previous location ---\n   at Allure.Net.Commons.AllureApi.ExecuteActionAsync[T](Action start, Func`1 action, Action`1 resolve)","steps":[],"attachments":[],"parameters":[],"shouldDisplayMessage":true,"stepsCount":0,"attachmentsCount":0,"hasContent":true,"attachmentStep":false},{"name":"\uD83D\uDCCA How to analyze the trace","time":{"start":1749835420609,"stop":1749835420609,"duration":0},"status":"passed","steps":[{"name":"\uD83D\uDCE5 Download trace file","time":{"start":1749835420609,"stop":1749835420609,"duration":0},"status":"passed","steps":[],"attachments":[],"parameters":[],"shouldDisplayMessage":false,"stepsCount":0,"attachmentsCount":0,"hasContent":false,"attachmentStep":false},{"name":"\uD83C\uDF10 Open https://trace.playwright.dev","time":{"start":1749835420609,"stop":1749835420609,"duration":0},"status":"passed","steps":[],"attachments":[],"parameters":[],"shouldDisplayMessage":false,"stepsCount":0,"attachmentsCount":0,"hasContent":false,"attachmentStep":false},{"name":"\uD83D\uDCC2 Drag & drop zip file","time":{"start":1749835420609,"stop":1749835420609,"duration":0},"status":"passed","steps":[],"attachments":[],"parameters":[],"shouldDisplayMessage":false,"stepsCount":0,"attachmentsCount":0,"hasContent":false,"attachmentStep":false}],"attachments":[],"parameters":[],"shouldDisplayMessage":false,"stepsCount":3,"attachmentsCount":0,"hasContent":true,"attachmentStep":false}],"attachments":[{"uid":"2d072b13fb530325","name":"Playwright Trace (Download)","source":"2d072b13fb530325.zip","type":"application/zip","size":1465064}],"parameters":[],"shouldDisplayMessage":true,"stepsCount":6,"attachmentsCount":1,"hasContent":true,"attachmentStep":false},"afterStages":[],"labels":[{"name":"thread","value":"ParallelWorker#22"},{"name":"host","value":"8433ceb8de28"},{"name":"language","value":"C#"},{"name":"framework","value":"NUnit 3"},{"name":"package","value":"Homework2.Tests"},{"name":"testMethod","value":"CompleteTaxRegistrationFlow"},{"name":"testClass","value":"TaxRegistrationTest"},{"name":"epic","value":"Onboarding"},{"name":"feature","value":"Business Registration"},{"name":"story","value":"End-to-end registration process"},{"name":"severity","value":"critical"},{"name":"suite","value":"Tax Registration"},{"name":"resultFormat","value":"allure2"}],"parameters":[{"name":"Email","value":"david.kormos@yahoo.com"}],"links":[],"hidden":false,"retry":false,"extra":{"severity":"critical","retries":[],"categories":[{"name":"Test defects","matchedStatuses":[],"flaky":false}],"tags":[]},"source":"9b522318a9961ced.json","parameterValues":["david.kormos@yahoo.com"]}