{"uid":"aed0b29c4fc695f2","name":"Complete Tax Registration Flow","fullName":"Homework2.Tests:Homework2.Tests.TaxRegistrationTests.CompleteTaxRegistrationFlow()","historyId":"731883200906266f1cddfd5db826ea83","time":{"start":1749584290899,"stop":1749584310053,"duration":19154},"description":"This test verifies the complete tax registration flow from login to final subscription setup","descriptionHtml":"<p>This test verifies the complete tax registration flow from login to final subscription setup</p>\n","status":"broken","statusMessage":"System.IO.DirectoryNotFoundException : Could not find a part of the path '/__w/homework-2/homework-2/Homework2.Tests/bin/Debug/net8.0/Exception: InvalidOperationException\nMessage: Requested number of elements (1) is greater than number of VAT_ elements (0).\nStackTrace:    at Homework2.Tests.Pages.SelectJurisdictionPage.SelectTargetCountry(Int32 count) in /__w/homework-2/homework-2/Homework2.Tests/src/Pages/SelectJurisdictionPage.cs:line 38\n   at Homework2.Tests.TaxRegistrationTests.<CompleteTaxRegistrationFlow>b__0_6() in /__w/homework-2/homework-2/Homework2.Tests/src/TaxRegistrationTests.cs:line 48\n   at Allure.Net.Commons.AllureApi.<>c__DisplayClass36_0.<<Step>b__0>d.MoveNext()\n--- End of stack trace from previous location ---\n   at Allure.Net.Commons.AllureApi.ExecuteActionAsync[T](Action start, Func`1 action, Action`1 resolve)\n   at Allure.Net.Commons.AllureApi.ExecuteStepAsync[T](String name, Func`1 action)\n   at Allure.Net.Commons.AllureApi.Step(String name, Func`1 action)\n   at Homework2.Tests.TaxRegistrationTests.<CompleteTaxRegistrationFlow>b__0_4() in /__w/homework-2/homework-2/Homework2.Tests/src/TaxRegistrationTests.cs:line 45\n   at Allure.Net.Commons.AllureApi.<>c__DisplayClass36_0.<<Step>b__0>d.MoveNext()\n--- End of stack trace from previous location ---\n   at Allure.Net.Commons.AllureApi.ExecuteActionAsync[T](Action start, Func`1 action, Action`1 resolve)\n   at Allure.Net.Commons.AllureApi.ExecuteStepAsync[T](String name, Func`1 action)\n   at Allure.Net.Commons.AllureApi.Step(String name, Func`1 action)\n   at Homework2.Tests.TaxRegistrationTests.<CompleteTaxRegistrationFlow>b__0_0() in /__w/homework-2/homework-2/Homework2.Tests/src/TaxRegistrationTests.cs:line 43\n   at Homework2.Tests.TestBase.ExecuteTestWithTracing(Func`1 testAction) in /__w/homework-2/homework-2/Homework2.Tests/src/TestBase.cs:line 95'.","statusTrace":"   at Interop.ThrowExceptionForIoErrno(ErrorInfo errorInfo, String path, Boolean isDirError)\n   at Microsoft.Win32.SafeHandles.SafeFileHandle.Open(String path, OpenFlags flags, Int32 mode, Boolean failForSymlink, Boolean& wasSymlink, Func`4 createOpenException)\n   at Microsoft.Win32.SafeHandles.SafeFileHandle.Open(String fullPath, FileMode mode, FileAccess access, FileShare share, FileOptions options, Int64 preallocationSize, UnixFileMode openPermissions, Int64& fileLength, UnixFileMode& filePermissions, Boolean failForSymlink, Boolean& wasSymlink, Func`4 createOpenException)\n   at System.IO.File.OpenHandle(String path, FileMode mode, FileAccess access, FileShare share, FileOptions options, Int64 preallocationSize)\n   at System.IO.File.ReadAllBytes(String path)\n   at Allure.Net.Commons.AllureApi.AddAttachment(String name, String type, String path)\n   at Homework2.Tests.TestBase.ExecuteTestWithTracing(Func`1 testAction) in /__w/homework-2/homework-2/Homework2.Tests/src/TestBase.cs:line 100\n   at Homework2.Tests.TaxRegistrationTests.CompleteTaxRegistrationFlow() in /__w/homework-2/homework-2/Homework2.Tests/src/TaxRegistrationTests.cs:line 19\n   at NUnit.Framework.Internal.TaskAwaitAdapter.GenericAdapter`1.BlockUntilCompleted()\n   at NUnit.Framework.Internal.MessagePumpStrategy.NoMessagePumpStrategy.WaitForCompletion(AwaitAdapter awaiter)\n   at NUnit.Framework.Internal.AsyncToSyncAdapter.Await[TResult](Func`1 invoke)\n   at NUnit.Framework.Internal.AsyncToSyncAdapter.Await(Func`1 invoke)\n   at NUnit.Framework.Internal.Commands.TestMethodCommand.RunTestMethod(TestExecutionContext context)\n   at NUnit.Framework.Internal.Commands.TestMethodCommand.Execute(TestExecutionContext context)\n   at NUnit.Framework.Internal.Commands.BeforeAndAfterTestCommand.<>c__DisplayClass1_0.<Execute>b__0()\n   at NUnit.Framework.Internal.Commands.DelegatingTestCommand.RunTestMethodInThreadAbortSafeZone(TestExecutionContext context, Action action)","flaky":false,"newFailed":false,"newBroken":false,"newPassed":false,"retriesCount":0,"retriesStatusChange":false,"beforeStages":[],"testStage":{"description":"This test verifies the complete tax registration flow from login to final subscription setup","status":"broken","statusMessage":"System.IO.DirectoryNotFoundException : Could not find a part of the path '/__w/homework-2/homework-2/Homework2.Tests/bin/Debug/net8.0/Exception: InvalidOperationException\nMessage: Requested number of elements (1) is greater than number of VAT_ elements (0).\nStackTrace:    at Homework2.Tests.Pages.SelectJurisdictionPage.SelectTargetCountry(Int32 count) in /__w/homework-2/homework-2/Homework2.Tests/src/Pages/SelectJurisdictionPage.cs:line 38\n   at Homework2.Tests.TaxRegistrationTests.<CompleteTaxRegistrationFlow>b__0_6() in /__w/homework-2/homework-2/Homework2.Tests/src/TaxRegistrationTests.cs:line 48\n   at Allure.Net.Commons.AllureApi.<>c__DisplayClass36_0.<<Step>b__0>d.MoveNext()\n--- End of stack trace from previous location ---\n   at Allure.Net.Commons.AllureApi.ExecuteActionAsync[T](Action start, Func`1 action, Action`1 resolve)\n   at Allure.Net.Commons.AllureApi.ExecuteStepAsync[T](String name, Func`1 action)\n   at Allure.Net.Commons.AllureApi.Step(String name, Func`1 action)\n   at Homework2.Tests.TaxRegistrationTests.<CompleteTaxRegistrationFlow>b__0_4() in /__w/homework-2/homework-2/Homework2.Tests/src/TaxRegistrationTests.cs:line 45\n   at Allure.Net.Commons.AllureApi.<>c__DisplayClass36_0.<<Step>b__0>d.MoveNext()\n--- End of stack trace from previous location ---\n   at Allure.Net.Commons.AllureApi.ExecuteActionAsync[T](Action start, Func`1 action, Action`1 resolve)\n   at Allure.Net.Commons.AllureApi.ExecuteStepAsync[T](String name, Func`1 action)\n   at Allure.Net.Commons.AllureApi.Step(String name, Func`1 action)\n   at Homework2.Tests.TaxRegistrationTests.<CompleteTaxRegistrationFlow>b__0_0() in /__w/homework-2/homework-2/Homework2.Tests/src/TaxRegistrationTests.cs:line 43\n   at Homework2.Tests.TestBase.ExecuteTestWithTracing(Func`1 testAction) in /__w/homework-2/homework-2/Homework2.Tests/src/TestBase.cs:line 95'.","statusTrace":"   at Interop.ThrowExceptionForIoErrno(ErrorInfo errorInfo, String path, Boolean isDirError)\n   at Microsoft.Win32.SafeHandles.SafeFileHandle.Open(String path, OpenFlags flags, Int32 mode, Boolean failForSymlink, Boolean& wasSymlink, Func`4 createOpenException)\n   at Microsoft.Win32.SafeHandles.SafeFileHandle.Open(String fullPath, FileMode mode, FileAccess access, FileShare share, FileOptions options, Int64 preallocationSize, UnixFileMode openPermissions, Int64& fileLength, UnixFileMode& filePermissions, Boolean failForSymlink, Boolean& wasSymlink, Func`4 createOpenException)\n   at System.IO.File.OpenHandle(String path, FileMode mode, FileAccess access, FileShare share, FileOptions options, Int64 preallocationSize)\n   at System.IO.File.ReadAllBytes(String path)\n   at Allure.Net.Commons.AllureApi.AddAttachment(String name, String type, String path)\n   at Homework2.Tests.TestBase.ExecuteTestWithTracing(Func`1 testAction) in /__w/homework-2/homework-2/Homework2.Tests/src/TestBase.cs:line 100\n   at Homework2.Tests.TaxRegistrationTests.CompleteTaxRegistrationFlow() in /__w/homework-2/homework-2/Homework2.Tests/src/TaxRegistrationTests.cs:line 19\n   at NUnit.Framework.Internal.TaskAwaitAdapter.GenericAdapter`1.BlockUntilCompleted()\n   at NUnit.Framework.Internal.MessagePumpStrategy.NoMessagePumpStrategy.WaitForCompletion(AwaitAdapter awaiter)\n   at NUnit.Framework.Internal.AsyncToSyncAdapter.Await[TResult](Func`1 invoke)\n   at NUnit.Framework.Internal.AsyncToSyncAdapter.Await(Func`1 invoke)\n   at NUnit.Framework.Internal.Commands.TestMethodCommand.RunTestMethod(TestExecutionContext context)\n   at NUnit.Framework.Internal.Commands.TestMethodCommand.Execute(TestExecutionContext context)\n   at NUnit.Framework.Internal.Commands.BeforeAndAfterTestCommand.<>c__DisplayClass1_0.<Execute>b__0()\n   at NUnit.Framework.Internal.Commands.DelegatingTestCommand.RunTestMethodInThreadAbortSafeZone(TestExecutionContext context, Action action)","steps":[{"name":"Navigate to login page and authenticate","time":{"start":1749584291465,"stop":1749584300115,"duration":8650},"status":"passed","steps":[],"attachments":[],"parameters":[],"shouldDisplayMessage":false,"stepsCount":0,"attachmentsCount":0,"hasContent":false,"attachmentStep":false},{"name":"Navigate to business registration page","time":{"start":1749584300116,"stop":1749584303180,"duration":3064},"status":"passed","steps":[],"attachments":[],"parameters":[],"shouldDisplayMessage":false,"stepsCount":0,"attachmentsCount":0,"hasContent":false,"attachmentStep":false},{"name":"Fill business details","time":{"start":1749584303180,"stop":1749584309328,"duration":6148},"status":"passed","steps":[],"attachments":[],"parameters":[],"shouldDisplayMessage":false,"stepsCount":0,"attachmentsCount":0,"hasContent":false,"attachmentStep":false},{"name":"Select target jurisdiction","time":{"start":1749584309328,"stop":1749584309340,"duration":12},"status":"broken","statusMessage":"Requested number of elements (1) is greater than number of VAT_ elements (0).","statusTrace":"System.InvalidOperationException: Requested number of elements (1) is greater than number of VAT_ elements (0).\n   at Homework2.Tests.Pages.SelectJurisdictionPage.SelectTargetCountry(Int32 count) in /__w/homework-2/homework-2/Homework2.Tests/src/Pages/SelectJurisdictionPage.cs:line 38\n   at Homework2.Tests.TaxRegistrationTests.<CompleteTaxRegistrationFlow>b__0_6() in /__w/homework-2/homework-2/Homework2.Tests/src/TaxRegistrationTests.cs:line 48\n   at Allure.Net.Commons.AllureApi.<>c__DisplayClass36_0.<<Step>b__0>d.MoveNext()\n--- End of stack trace from previous location ---\n   at Allure.Net.Commons.AllureApi.ExecuteActionAsync[T](Action start, Func`1 action, Action`1 resolve)\n   at Allure.Net.Commons.AllureApi.ExecuteStepAsync[T](String name, Func`1 action)\n   at Allure.Net.Commons.AllureApi.Step(String name, Func`1 action)\n   at Homework2.Tests.TaxRegistrationTests.<CompleteTaxRegistrationFlow>b__0_4() in /__w/homework-2/homework-2/Homework2.Tests/src/TaxRegistrationTests.cs:line 45\n   at Allure.Net.Commons.AllureApi.<>c__DisplayClass36_0.<<Step>b__0>d.MoveNext()\n--- End of stack trace from previous location ---\n   at Allure.Net.Commons.AllureApi.ExecuteActionAsync[T](Action start, Func`1 action, Action`1 resolve)","steps":[{"name":"Select number of target countries","time":{"start":1749584309329,"stop":1749584309340,"duration":11},"status":"broken","statusMessage":"Requested number of elements (1) is greater than number of VAT_ elements (0).","statusTrace":"System.InvalidOperationException: Requested number of elements (1) is greater than number of VAT_ elements (0).\n   at Homework2.Tests.Pages.SelectJurisdictionPage.SelectTargetCountry(Int32 count) in /__w/homework-2/homework-2/Homework2.Tests/src/Pages/SelectJurisdictionPage.cs:line 38\n   at Homework2.Tests.TaxRegistrationTests.<CompleteTaxRegistrationFlow>b__0_6() in /__w/homework-2/homework-2/Homework2.Tests/src/TaxRegistrationTests.cs:line 48\n   at Allure.Net.Commons.AllureApi.<>c__DisplayClass36_0.<<Step>b__0>d.MoveNext()\n--- End of stack trace from previous location ---\n   at Allure.Net.Commons.AllureApi.ExecuteActionAsync[T](Action start, Func`1 action, Action`1 resolve)","steps":[],"attachments":[],"parameters":[],"shouldDisplayMessage":true,"stepsCount":0,"attachmentsCount":0,"hasContent":true,"attachmentStep":false}],"attachments":[],"parameters":[],"shouldDisplayMessage":false,"stepsCount":1,"attachmentsCount":0,"hasContent":true,"attachmentStep":false},{"name":"\uD83D\uDCCA How to analyze the trace","time":{"start":1749584309985,"stop":1749584309985,"duration":0},"status":"passed","steps":[{"name":"\uD83D\uDCE5 Download trace file","time":{"start":1749584309985,"stop":1749584309985,"duration":0},"status":"passed","steps":[],"attachments":[],"parameters":[],"shouldDisplayMessage":false,"stepsCount":0,"attachmentsCount":0,"hasContent":false,"attachmentStep":false},{"name":"\uD83C\uDF10 Open https://trace.playwright.dev","time":{"start":1749584309985,"stop":1749584309985,"duration":0},"status":"passed","steps":[],"attachments":[],"parameters":[],"shouldDisplayMessage":false,"stepsCount":0,"attachmentsCount":0,"hasContent":false,"attachmentStep":false},{"name":"\uD83D\uDCC2 Drag & drop zip file","time":{"start":1749584309985,"stop":1749584309985,"duration":0},"status":"passed","steps":[],"attachments":[],"parameters":[],"shouldDisplayMessage":false,"stepsCount":0,"attachmentsCount":0,"hasContent":false,"attachmentStep":false}],"attachments":[],"parameters":[],"shouldDisplayMessage":false,"stepsCount":3,"attachmentsCount":0,"hasContent":true,"attachmentStep":false}],"attachments":[{"uid":"a71dd738fd929a26","name":"Playwright Trace (Download)","source":"a71dd738fd929a26.zip","type":"application/zip","size":6684293}],"parameters":[],"shouldDisplayMessage":true,"stepsCount":9,"attachmentsCount":1,"hasContent":true,"attachmentStep":false},"afterStages":[],"labels":[{"name":"thread","value":"NonParallelWorker"},{"name":"host","value":"b14481b282d8"},{"name":"language","value":"C#"},{"name":"framework","value":"NUnit 3"},{"name":"package","value":"Homework2.Tests"},{"name":"testMethod","value":"CompleteTaxRegistrationFlow"},{"name":"testClass","value":"TaxRegistrationTests"},{"name":"epic","value":"Onboarding"},{"name":"feature","value":"Business Registration"},{"name":"story","value":"End-to-end registration process"},{"name":"severity","value":"critical"},{"name":"suite","value":"Tax Registration"},{"name":"resultFormat","value":"allure2"}],"parameters":[{"name":"Email","value":"david.kormos@yahoo.com"}],"links":[],"hidden":false,"retry":false,"extra":{"severity":"critical","retries":[],"categories":[{"name":"Test defects","matchedStatuses":[],"flaky":false}],"tags":[]},"source":"aed0b29c4fc695f2.json","parameterValues":["david.kormos@yahoo.com"]}